TN:
SF:src/element-builder.ts
FN:8,(anonymous_1)
FN:13,(anonymous_2)
FN:18,(anonymous_3)
FN:22,(anonymous_4)
FN:26,(anonymous_5)
FNF:5
FNH:5
FNDA:4,(anonymous_1)
FNDA:3,(anonymous_2)
FNDA:18,(anonymous_3)
FNDA:18,(anonymous_4)
FNDA:7,(anonymous_5)
DA:1,4
DA:4,4
DA:5,22
DA:6,22
DA:9,4
DA:10,4
DA:14,3
DA:15,3
DA:19,18
DA:23,18
DA:27,7
LF:11
LH:11
BRF:0
BRH:0
end_of_record
TN:
SF:src/element.ts
FN:8,(anonymous_0)
FN:13,(anonymous_1)
FN:17,(anonymous_2)
FN:21,(anonymous_3)
FNF:4
FNH:4
FNDA:17,(anonymous_0)
FNDA:8,(anonymous_1)
FNDA:1,(anonymous_2)
FNDA:2,(anonymous_3)
DA:4,4
DA:9,17
DA:10,17
DA:14,8
DA:18,1
DA:22,2
DA:23,2
LF:7
LH:7
BRF:0
BRH:0
end_of_record
TN:
SF:src/rectangle-element-builder.ts
FN:8,(anonymous_1)
FN:15,(anonymous_2)
FN:22,(anonymous_3)
FN:26,(anonymous_4)
FN:30,(anonymous_5)
FNF:5
FNH:5
FNDA:9,(anonymous_1)
FNDA:9,(anonymous_2)
FNDA:10,(anonymous_3)
FNDA:10,(anonymous_4)
FNDA:10,(anonymous_5)
DA:1,2
DA:2,2
DA:4,2
DA:5,14
DA:6,14
DA:9,9
DA:10,2
DA:11,7
DA:12,7
DA:16,9
DA:17,2
DA:18,7
DA:19,7
DA:23,10
DA:27,10
DA:31,10
LF:16
LH:16
BRDA:9,0,0,2
BRDA:16,1,0,2
BRF:2
BRH:2
end_of_record
TN:
SF:src/rectangle-element.ts
FN:8,(anonymous_1)
FN:14,(anonymous_2)
FN:18,(anonymous_3)
FN:22,(anonymous_4)
FN:28,(anonymous_5)
FNF:5
FNH:5
FNDA:10,(anonymous_1)
FNDA:4,(anonymous_2)
FNDA:4,(anonymous_3)
FNDA:3,(anonymous_4)
FNDA:3,(anonymous_5)
DA:1,2
DA:4,2
DA:9,10
DA:10,10
DA:11,10
DA:15,4
DA:19,4
DA:23,3
DA:24,2
DA:25,1
DA:29,3
DA:30,2
DA:31,1
LF:13
LH:13
BRDA:23,0,0,2
BRDA:29,1,0,2
BRF:2
BRH:2
end_of_record
